{
  "stats": {
    "suites": 1,
    "tests": 1,
    "passes": 1,
    "pending": 0,
    "failures": 0,
    "start": "2021-07-30T14:57:14.685Z",
    "end": "2021-07-30T14:57:16.173Z",
    "duration": 1488,
    "testsRegistered": 1,
    "passPercent": 100,
    "pendingPercent": 0,
    "other": 0,
    "hasOther": false,
    "skipped": 0,
    "hasSkipped": false
  },
  "results": [
    {
      "uuid": "d103d7c3-f55f-4dae-b957-a15dbc703bc1",
      "title": "",
      "fullFile": "cypress/integration/header_spec.js",
      "file": "cypress/integration/header_spec.js",
      "beforeHooks": [],
      "afterHooks": [],
      "tests": [],
      "suites": [
        {
          "uuid": "e4dd6a98-a45c-4973-bbb9-d67e742e30dc",
          "title": "9 - Implemente os elementos do header na tela principal de receitas, respeitando os atributos descritos no protótipo",
          "fullFile": "",
          "file": "",
          "beforeHooks": [],
          "afterHooks": [],
          "tests": [
            {
              "title": "Tem os data-testids profile-top-btn, page-title e search-top-btn",
              "fullTitle": "9 - Implemente os elementos do header na tela principal de receitas, respeitando os atributos descritos no protótipo Tem os data-testids profile-top-btn, page-title e search-top-btn",
              "timedOut": null,
              "duration": 634,
              "state": "passed",
              "speed": "slow",
              "pass": true,
              "fail": false,
              "pending": false,
              "context": null,
              "code": "cy.visit('http://localhost:3000/comidas');\ncy.get('[data-testid=\"profile-top-btn\"]');\ncy.get('[data-testid=\"page-title\"]');\ncy.get('[data-testid=\"search-top-btn\"]');",
              "err": {},
              "uuid": "29a8c941-793d-459d-92dc-a10418f27d8e",
              "parentUUID": "e4dd6a98-a45c-4973-bbb9-d67e742e30dc",
              "isHook": false,
              "skipped": false
            }
          ],
          "suites": [],
          "passes": [
            "29a8c941-793d-459d-92dc-a10418f27d8e"
          ],
          "failures": [],
          "pending": [],
          "skipped": [],
          "duration": 634,
          "root": false,
          "rootEmpty": false,
          "_timeout": 2000
        }
      ],
      "passes": [],
      "failures": [],
      "pending": [],
      "skipped": [],
      "duration": 0,
      "root": true,
      "rootEmpty": true,
      "_timeout": 2000
    }
  ],
  "meta": {
    "mocha": {
      "version": "8.2.1"
    },
    "mochawesome": {
      "options": {
        "quiet": false,
        "reportFilename": "mochawesome",
        "saveHtml": false,
        "saveJson": true,
        "consoleReporter": "spec",
        "useInlineDiffs": false,
        "code": true
      },
      "version": "6.2.1"
    },
    "marge": {
      "options": {
        "id": "default",
        "reportDir": "cypress/reports",
        "overwrite": false,
        "html": false,
        "json": true
      },
      "version": "5.1.0"
    }
  }
}