{"total": {"lines":{"total":657,"covered":91,"skipped":0,"pct":13.85},"statements":{"total":696,"covered":93,"skipped":0,"pct":13.36},"functions":{"total":184,"covered":22,"skipped":0,"pct":11.96},"branches":{"total":231,"covered":19,"skipped":0,"pct":8.23}}
,"/Users/alan/projects/sd-011-project-recipes-app/src/App.js": {"lines":{"total":1,"covered":1,"skipped":0,"pct":100},"functions":{"total":1,"covered":1,"skipped":0,"pct":100},"statements":{"total":1,"covered":1,"skipped":0,"pct":100},"branches":{"total":0,"covered":0,"skipped":0,"pct":100}}
,"/Users/alan/projects/sd-011-project-recipes-app/src/renderWithRouter.js": {"lines":{"total":3,"covered":3,"skipped":0,"pct":100},"functions":{"total":1,"covered":1,"skipped":0,"pct":100},"statements":{"total":3,"covered":3,"skipped":0,"pct":100},"branches":{"total":0,"covered":0,"skipped":0,"pct":100}}
,"/Users/alan/projects/sd-011-project-recipes-app/src/renderWithRouter.jsx": {"lines":{"total":3,"covered":0,"skipped":0,"pct":0},"functions":{"total":1,"covered":0,"skipped":0,"pct":0},"statements":{"total":3,"covered":0,"skipped":0,"pct":0},"branches":{"total":0,"covered":0,"skipped":0,"pct":100}}
,"/Users/alan/projects/sd-011-project-recipes-app/src/components/CategoryBtn.jsx": {"lines":{"total":60,"covered":0,"skipped":0,"pct":0},"functions":{"total":12,"covered":0,"skipped":0,"pct":0},"statements":{"total":62,"covered":0,"skipped":0,"pct":0},"branches":{"total":20,"covered":0,"skipped":0,"pct":0}}
,"/Users/alan/projects/sd-011-project-recipes-app/src/components/DoneRecipeCard.jsx": {"lines":{"total":14,"covered":1,"skipped":0,"pct":7.14},"functions":{"total":3,"covered":0,"skipped":0,"pct":0},"statements":{"total":14,"covered":1,"skipped":0,"pct":7.14},"branches":{"total":12,"covered":0,"skipped":0,"pct":0}}
,"/Users/alan/projects/sd-011-project-recipes-app/src/components/FavRecipeCard.jsx": {"lines":{"total":15,"covered":1,"skipped":0,"pct":6.67},"functions":{"total":4,"covered":0,"skipped":0,"pct":0},"statements":{"total":15,"covered":1,"skipped":0,"pct":6.67},"branches":{"total":12,"covered":0,"skipped":0,"pct":0}}
,"/Users/alan/projects/sd-011-project-recipes-app/src/components/FavoriteBtn.jsx": {"lines":{"total":3,"covered":3,"skipped":0,"pct":100},"functions":{"total":1,"covered":1,"skipped":0,"pct":100},"statements":{"total":3,"covered":3,"skipped":0,"pct":100},"branches":{"total":0,"covered":0,"skipped":0,"pct":100}}
,"/Users/alan/projects/sd-011-project-recipes-app/src/components/Footer.jsx": {"lines":{"total":1,"covered":1,"skipped":0,"pct":100},"functions":{"total":1,"covered":1,"skipped":0,"pct":100},"statements":{"total":1,"covered":1,"skipped":0,"pct":100},"branches":{"total":0,"covered":0,"skipped":0,"pct":100}}
,"/Users/alan/projects/sd-011-project-recipes-app/src/components/Header.jsx": {"lines":{"total":8,"covered":1,"skipped":0,"pct":12.5},"functions":{"total":2,"covered":0,"skipped":0,"pct":0},"statements":{"total":8,"covered":1,"skipped":0,"pct":12.5},"branches":{"total":4,"covered":0,"skipped":0,"pct":0}}
,"/Users/alan/projects/sd-011-project-recipes-app/src/components/HeaderWithoutSearch.jsx": {"lines":{"total":3,"covered":3,"skipped":0,"pct":100},"functions":{"total":1,"covered":1,"skipped":0,"pct":100},"statements":{"total":3,"covered":3,"skipped":0,"pct":100},"branches":{"total":0,"covered":0,"skipped":0,"pct":100}}
,"/Users/alan/projects/sd-011-project-recipes-app/src/components/Ingredients.jsx": {"lines":{"total":48,"covered":1,"skipped":0,"pct":2.08},"functions":{"total":11,"covered":0,"skipped":0,"pct":0},"statements":{"total":51,"covered":1,"skipped":0,"pct":1.96},"branches":{"total":22,"covered":0,"skipped":0,"pct":0}}
,"/Users/alan/projects/sd-011-project-recipes-app/src/components/Loading.jsx": {"lines":{"total":1,"covered":1,"skipped":0,"pct":100},"functions":{"total":1,"covered":1,"skipped":0,"pct":100},"statements":{"total":1,"covered":1,"skipped":0,"pct":100},"branches":{"total":0,"covered":0,"skipped":0,"pct":100}}
,"/Users/alan/projects/sd-011-project-recipes-app/src/components/NotFound.jsx": {"lines":{"total":2,"covered":1,"skipped":0,"pct":50},"functions":{"total":1,"covered":0,"skipped":0,"pct":0},"statements":{"total":2,"covered":1,"skipped":0,"pct":50},"branches":{"total":0,"covered":0,"skipped":0,"pct":100}}
,"/Users/alan/projects/sd-011-project-recipes-app/src/components/RecCarousel.jsx": {"lines":{"total":24,"covered":10,"skipped":0,"pct":41.67},"functions":{"total":9,"covered":2,"skipped":0,"pct":22.22},"statements":{"total":27,"covered":10,"skipped":0,"pct":37.04},"branches":{"total":10,"covered":3,"skipped":0,"pct":30}}
,"/Users/alan/projects/sd-011-project-recipes-app/src/components/SearchBar.jsx": {"lines":{"total":46,"covered":0,"skipped":0,"pct":0},"functions":{"total":9,"covered":0,"skipped":0,"pct":0},"statements":{"total":50,"covered":0,"skipped":0,"pct":0},"branches":{"total":34,"covered":0,"skipped":0,"pct":0}}
,"/Users/alan/projects/sd-011-project-recipes-app/src/components/ShareBtn.jsx": {"lines":{"total":10,"covered":4,"skipped":0,"pct":40},"functions":{"total":2,"covered":1,"skipped":0,"pct":50},"statements":{"total":10,"covered":4,"skipped":0,"pct":40},"branches":{"total":4,"covered":1,"skipped":0,"pct":25}}
,"/Users/alan/projects/sd-011-project-recipes-app/src/components/UnfavoriteBtn.jsx": {"lines":{"total":3,"covered":1,"skipped":0,"pct":33.33},"functions":{"total":1,"covered":0,"skipped":0,"pct":0},"statements":{"total":3,"covered":1,"skipped":0,"pct":33.33},"branches":{"total":0,"covered":0,"skipped":0,"pct":100}}
,"/Users/alan/projects/sd-011-project-recipes-app/src/context/Context.jsx": {"lines":{"total":1,"covered":1,"skipped":0,"pct":100},"functions":{"total":0,"covered":0,"skipped":0,"pct":100},"statements":{"total":1,"covered":1,"skipped":0,"pct":100},"branches":{"total":0,"covered":0,"skipped":0,"pct":100}}
,"/Users/alan/projects/sd-011-project-recipes-app/src/context/Provider.jsx": {"lines":{"total":7,"covered":7,"skipped":0,"pct":100},"functions":{"total":1,"covered":1,"skipped":0,"pct":100},"statements":{"total":7,"covered":7,"skipped":0,"pct":100},"branches":{"total":0,"covered":0,"skipped":0,"pct":100}}
,"/Users/alan/projects/sd-011-project-recipes-app/src/pages/Bebidas.jsx": {"lines":{"total":11,"covered":0,"skipped":0,"pct":0},"functions":{"total":4,"covered":0,"skipped":0,"pct":0},"statements":{"total":11,"covered":0,"skipped":0,"pct":0},"branches":{"total":6,"covered":0,"skipped":0,"pct":0}}
,"/Users/alan/projects/sd-011-project-recipes-app/src/pages/Comidas.jsx": {"lines":{"total":11,"covered":0,"skipped":0,"pct":0},"functions":{"total":4,"covered":0,"skipped":0,"pct":0},"statements":{"total":11,"covered":0,"skipped":0,"pct":0},"branches":{"total":6,"covered":0,"skipped":0,"pct":0}}
,"/Users/alan/projects/sd-011-project-recipes-app/src/pages/DetalhesBebidas.jsx": {"lines":{"total":58,"covered":1,"skipped":0,"pct":1.72},"functions":{"total":14,"covered":0,"skipped":0,"pct":0},"statements":{"total":63,"covered":1,"skipped":0,"pct":1.59},"branches":{"total":16,"covered":0,"skipped":0,"pct":0}}
,"/Users/alan/projects/sd-011-project-recipes-app/src/pages/DetalhesComidas.jsx": {"lines":{"total":58,"covered":40,"skipped":0,"pct":68.97},"functions":{"total":14,"covered":9,"skipped":0,"pct":64.29},"statements":{"total":63,"covered":42,"skipped":0,"pct":66.67},"branches":{"total":18,"covered":13,"skipped":0,"pct":72.22}}
,"/Users/alan/projects/sd-011-project-recipes-app/src/pages/Explorar.jsx": {"lines":{"total":1,"covered":0,"skipped":0,"pct":0},"functions":{"total":1,"covered":0,"skipped":0,"pct":0},"statements":{"total":1,"covered":0,"skipped":0,"pct":0},"branches":{"total":0,"covered":0,"skipped":0,"pct":100}}
,"/Users/alan/projects/sd-011-project-recipes-app/src/pages/ExplorarBebidas.jsx": {"lines":{"total":9,"covered":0,"skipped":0,"pct":0},"functions":{"total":2,"covered":0,"skipped":0,"pct":0},"statements":{"total":9,"covered":0,"skipped":0,"pct":0},"branches":{"total":2,"covered":0,"skipped":0,"pct":0}}
,"/Users/alan/projects/sd-011-project-recipes-app/src/pages/ExplorarComidas.jsx": {"lines":{"total":9,"covered":0,"skipped":0,"pct":0},"functions":{"total":2,"covered":0,"skipped":0,"pct":0},"statements":{"total":9,"covered":0,"skipped":0,"pct":0},"branches":{"total":2,"covered":0,"skipped":0,"pct":0}}
,"/Users/alan/projects/sd-011-project-recipes-app/src/pages/ExplorarComidasPorArea.jsx": {"lines":{"total":28,"covered":0,"skipped":0,"pct":0},"functions":{"total":9,"covered":0,"skipped":0,"pct":0},"statements":{"total":28,"covered":0,"skipped":0,"pct":0},"branches":{"total":8,"covered":0,"skipped":0,"pct":0}}
,"/Users/alan/projects/sd-011-project-recipes-app/src/pages/ExplorarIngredientesBebidas.jsx": {"lines":{"total":23,"covered":0,"skipped":0,"pct":0},"functions":{"total":7,"covered":0,"skipped":0,"pct":0},"statements":{"total":23,"covered":0,"skipped":0,"pct":0},"branches":{"total":4,"covered":0,"skipped":0,"pct":0}}
,"/Users/alan/projects/sd-011-project-recipes-app/src/pages/ExplorarIngredientesComidas.jsx": {"lines":{"total":23,"covered":0,"skipped":0,"pct":0},"functions":{"total":7,"covered":0,"skipped":0,"pct":0},"statements":{"total":23,"covered":0,"skipped":0,"pct":0},"branches":{"total":4,"covered":0,"skipped":0,"pct":0}}
,"/Users/alan/projects/sd-011-project-recipes-app/src/pages/Login.jsx": {"lines":{"total":15,"covered":7,"skipped":0,"pct":46.67},"functions":{"total":7,"covered":2,"skipped":0,"pct":28.57},"statements":{"total":15,"covered":7,"skipped":0,"pct":46.67},"branches":{"total":4,"covered":2,"skipped":0,"pct":50}}
,"/Users/alan/projects/sd-011-project-recipes-app/src/pages/ProcessoBebida.jsx": {"lines":{"total":57,"covered":1,"skipped":0,"pct":1.75},"functions":{"total":14,"covered":0,"skipped":0,"pct":0},"statements":{"total":63,"covered":1,"skipped":0,"pct":1.59},"branches":{"total":16,"covered":0,"skipped":0,"pct":0}}
,"/Users/alan/projects/sd-011-project-recipes-app/src/pages/ProcessoComida.jsx": {"lines":{"total":57,"covered":1,"skipped":0,"pct":1.75},"functions":{"total":14,"covered":0,"skipped":0,"pct":0},"statements":{"total":63,"covered":1,"skipped":0,"pct":1.59},"branches":{"total":20,"covered":0,"skipped":0,"pct":0}}
,"/Users/alan/projects/sd-011-project-recipes-app/src/pages/Profile.jsx": {"lines":{"total":13,"covered":0,"skipped":0,"pct":0},"functions":{"total":4,"covered":0,"skipped":0,"pct":0},"statements":{"total":13,"covered":0,"skipped":0,"pct":0},"branches":{"total":2,"covered":0,"skipped":0,"pct":0}}
,"/Users/alan/projects/sd-011-project-recipes-app/src/pages/ReceitasFavoritas.jsx": {"lines":{"total":17,"covered":0,"skipped":0,"pct":0},"functions":{"total":10,"covered":0,"skipped":0,"pct":0},"statements":{"total":20,"covered":0,"skipped":0,"pct":0},"branches":{"total":2,"covered":0,"skipped":0,"pct":0}}
,"/Users/alan/projects/sd-011-project-recipes-app/src/pages/ReceitasFeitas.jsx": {"lines":{"total":13,"covered":0,"skipped":0,"pct":0},"functions":{"total":8,"covered":0,"skipped":0,"pct":0},"statements":{"total":15,"covered":0,"skipped":0,"pct":0},"branches":{"total":3,"covered":0,"skipped":0,"pct":0}}
,"/Users/alan/projects/sd-011-project-recipes-app/src/routes/Routes.jsx": {"lines":{"total":1,"covered":1,"skipped":0,"pct":100},"functions":{"total":1,"covered":1,"skipped":0,"pct":100},"statements":{"total":1,"covered":1,"skipped":0,"pct":100},"branches":{"total":0,"covered":0,"skipped":0,"pct":100}}
}
